<?xml version="1.0" encoding="UTF-8"?>
<!-- Generated by org.testng.reporters.JUnitXMLReporter -->
<testsuite ignored="2" hostname="DESKTOP-LL0VOUT" failures="0" tests="5" name="Test1" time="4.907" errors="0" timestamp="2021-09-12T19:54:00 PDT">
  <testcase classname="org.yukesh.LoginTest" name="Invalid_Login_No_Pwd" time="1.81"/>
  <testcase classname="org.yukesh.LoginTest" name="Invalid_Login_No_User" time="0.943"/>
  <testcase classname="org.yukesh.LoginTest" name="Many_Login" time="0.662"/>
  <testcase classname="org.yukesh.LoginTest" name="Many_Login" time="0.704"/>
  <testcase classname="org.yukesh.LoginTest" name="Many_Login" time="0.645"/>
  <testcase classname="org.yukesh.LoginTest" name="valid_Login" time="0.0">
    <ignored/>
  </testcase> <!-- valid_Login -->
  <testcase classname="org.yukesh.LoginTest" name="Invalid_Login" time="0.0">
    <ignored/>
  </testcase> <!-- Invalid_Login -->
</testsuite> <!-- Test1 -->
