<?xml version="1.0" encoding="UTF-8"?>
<!-- Generated by org.testng.reporters.JUnitXMLReporter -->
<testsuite ignored="5" hostname="DESKTOP-LL0VOUT" failures="0" tests="2" name="Test" time="6.405" errors="0" timestamp="2021-09-13T11:47:05 PDT">
  <testcase classname="org.yukesh.LoginTest" name="Invalid_Login" time="2.869"/>
  <testcase classname="org.yukesh.LoginTest" name="valid_Login" time="2.122"/>
  <testcase classname="org.yukesh.CartPageTest" name="Login_Addtocart_Gotocart" time="0.0">
    <ignored/>
  </testcase> <!-- Login_Addtocart_Gotocart -->
  <testcase classname="org.yukesh.InventoryTest" name="Login_Addtocart" time="0.0">
    <ignored/>
  </testcase> <!-- Login_Addtocart -->
  <testcase classname="org.yukesh.LoginTest" name="Invalid_Login_No_User" time="0.0">
    <ignored/>
  </testcase> <!-- Invalid_Login_No_User -->
  <testcase classname="org.yukesh.LoginTest" name="Many_Login" time="0.0">
    <ignored/>
  </testcase> <!-- Many_Login -->
  <testcase classname="org.yukesh.LoginTest" name="Invalid_Login_No_Pwd" time="0.0">
    <ignored/>
  </testcase> <!-- Invalid_Login_No_Pwd -->
</testsuite> <!-- Test -->
