<?xml version="1.0" encoding="UTF-8"?>
<testng-results ignored="5" total="7" passed="2" failed="0" skipped="0">
  <reporter-output>
  </reporter-output>
  <suite started-at="2021-09-13T11:46:58 PDT" name="Suite" finished-at="2021-09-13T11:47:05 PDT" duration-ms="6405">
    <groups>
      <group name="Smoke">
        <method signature="LoginTest.Invalid_Login()[pri:0, instance:org.yukesh.LoginTest@7aded903]" name="Invalid_Login" class="org.yukesh.LoginTest"/>
        <method signature="LoginTest.valid_Login()[pri:0, instance:org.yukesh.LoginTest@7aded903]" name="valid_Login" class="org.yukesh.LoginTest"/>
      </group> <!-- Smoke -->
    </groups>
    <test started-at="2021-09-13T11:46:58 PDT" name="Test" finished-at="2021-09-13T11:47:05 PDT" duration-ms="6405">
      <class name="org.yukesh.LoginTest">
        <test-method signature="Invalid_Login()[pri:0, instance:org.yukesh.LoginTest@7aded903]" started-at="2021-09-13T11:46:59 PDT" name="Invalid_Login" description="Verify User should not login with invalid creds" finished-at="2021-09-13T11:47:02 PDT" duration-ms="2869" status="PASS">
          <reporter-output>
          </reporter-output>
        </test-method> <!-- Invalid_Login -->
        <test-method signature="valid_Login()[pri:0, instance:org.yukesh.LoginTest@7aded903]" started-at="2021-09-13T11:47:03 PDT" name="valid_Login" description="Verify User should login with valid creds" finished-at="2021-09-13T11:47:05 PDT" duration-ms="2122" status="PASS">
          <reporter-output>
          </reporter-output>
        </test-method> <!-- valid_Login -->
      </class> <!-- org.yukesh.LoginTest -->
    </test> <!-- Test -->
  </suite> <!-- Suite -->
</testng-results>
